TimeStamp=2020-09-14 19:06:33.0324 Level=INFO RequestId=0HM2OMCOQS3EJ:00000001 Message=Request starting HTTP/1.1 GET http://localhost:53089/api/label  
TimeStamp=2020-09-14 19:06:33.0324 Level=INFO RequestId=0HM2OMCOQS3EK:00000001 Message=Request starting HTTP/1.1 DEBUG http://localhost:53089/  0
TimeStamp=2020-09-14 19:06:33.1224 Level=INFO RequestId=0HM2OMCOQS3EK:00000001 Message=Request finished in 95.1ms 200 
TimeStamp=2020-09-14 19:06:33.3496 Level=INFO RequestId=0HM2OMCOQS3EJ:00000001 Message=Request finished in 326.8659ms 401 
TimeStamp=2020-09-14 19:06:36.2198 Level=INFO RequestId=0HM2OMCOQS3EK:00000002 Message=Request starting HTTP/1.1 GET http://localhost:53089/api/v1/label  
TimeStamp=2020-09-14 19:06:36.4265 Level=INFO RequestId=0HM2OMCOQS3EK:00000002 Message=Entity Framework Core 2.1.1-rtm-30846 initialized 'AssignmentSqlDbContext' using provider 'Microsoft.EntityFrameworkCore.SqlServer' with options: None
TimeStamp=2020-09-14 19:06:38.4928 Level=INFO RequestId=0HM2OMCOQS3EK:00000002 Message=Executed DbCommand (251ms) [Parameters=[@__username_0='?' (Size = 4000), @__password_1='?' (Size = 4000)], CommandType='Text', CommandTimeout='30']
SELECT TOP(1) [x].[Id], [x].[CreatedBy], [x].[CreatedDate], [x].[Password], [x].[UpdatedBy], [x].[UpdatedDate], [x].[Username]
FROM [User] AS [x]
WHERE ([x].[Username] = @__username_0) AND ([x].[Password] = @__password_1)
TimeStamp=2020-09-14 19:06:38.6227 Level=INFO RequestId=0HM2OMCOQS3EK:00000002 Message=Http Request Information:
Schema:http Host: localhost:53089 Path: /api/v1/label QueryString:  Request Body: Correlation Id: 0527b9ea-a380-4d94-9d64-744c6b43ff44
TimeStamp=2020-09-14 19:06:38.9362 Level=INFO RequestId=0HM2OMCOQS3EK:00000002 Message=Route matched with {action = "GetLabels", controller = "Label"}. Executing action Assignment.Api.Core.LabelController.GetLabels (Assignment.Api.Core)
TimeStamp=2020-09-14 19:06:38.9475 Level=INFO RequestId=0HM2OMCOQS3EK:00000002 Message=Executing action method Assignment.Api.Core.LabelController.GetLabels (Assignment.Api.Core) - Validation state: Valid
TimeStamp=2020-09-14 19:06:38.9475 Level=INFO RequestId=0HM2OMCOQS3EK:00000002 Message=Api GetLabel
TimeStamp=2020-09-14 19:06:39.1951 Level=INFO RequestId=0HM2OMCOQS3EK:00000002 Message=Executed DbCommand (235ms) [Parameters=[], CommandType='Text', CommandTimeout='30']
SELECT [l].[Id], [l].[CreatedBy], [l].[CreatedDate], [l].[DESCRIPTION], [l].[UpdatedBy], [l].[UpdatedDate]
FROM [Label] AS [l]
TimeStamp=2020-09-14 19:06:39.2593 Level=INFO RequestId=0HM2OMCOQS3EK:00000002 Message=Executed action method Assignment.Api.Core.LabelController.GetLabels (Assignment.Api.Core), returned result Microsoft.AspNetCore.Mvc.ObjectResult in 299.9384ms.
TimeStamp=2020-09-14 19:06:39.3707 Level=INFO RequestId=0HM2OMCOQS3EK:00000002 Message=Executing ObjectResult, writing value of type 'System.Collections.Generic.List`1[[Assignment.Contract.Core.LabelDTO, Assignment.Contract.Core, Version=1.0.0.0, Culture=neutral, PublicKeyToken=null]]'.
TimeStamp=2020-09-14 19:06:39.3968 Level=INFO RequestId=0HM2OMCOQS3EK:00000002 Message=Executed action Assignment.Api.Core.LabelController.GetLabels (Assignment.Api.Core) in 447.2189ms
TimeStamp=2020-09-14 19:06:39.3968 Level=INFO RequestId=0HM2OMCOQS3EK:00000002 Message=Http Response Information:
Schema:http Host: localhost:53089 Path: /api/v1/label QueryString:  Response Body: <ArrayOfLabelDTO xmlns:xsi="http://www.w3.org/2001/XMLSchema-instance" xmlns:xsd="http://www.w3.org/2001/XMLSchema"><LabelDTO><CreatedBy>1</CreatedBy><CreatedDate>2019-10-12T00:00:00</CreatedDate><UpdatedBy>1</UpdatedBy><UpdatedDate>2019-10-12T00:00:00</UpdatedDate><Id>1</Id><Description>Label 1</Description></LabelDTO><LabelDTO><CreatedBy>1</CreatedBy><CreatedDate>2019-10-12T00:00:00</CreatedDate><UpdatedBy>1</UpdatedBy><UpdatedDate>2019-10-12T00:00:00</UpdatedDate><Id>2</Id><Description>Label 2</Description></LabelDTO><LabelDTO><CreatedBy>1</CreatedBy><CreatedDate xsi:nil="true" /><UpdatedBy>1</UpdatedBy><UpdatedDate xsi:nil="true" /><Id>6</Id><Description>label 6</Description></LabelDTO><LabelDTO><CreatedBy>1</CreatedBy><CreatedDate xsi:nil="true" /><UpdatedBy>1</UpdatedBy><UpdatedDate xsi:nil="true" /><Id>7</Id><Description>label 7</Description></LabelDTO><LabelDTO><CreatedBy>1</CreatedBy><CreatedDate>2020-09-14T10:55:52.703</CreatedDate><UpdatedBy>1</UpdatedBy><UpdatedDate>2020-09-14T05:25:32.73</UpdatedDate><Id>8</Id><Description>Label 8</Description></LabelDTO></ArrayOfLabelDTO>Correlation Id: 0527b9ea-a380-4d94-9d64-744c6b43ff44
TimeStamp=2020-09-14 19:06:39.4594 Level=INFO RequestId=0HM2OMCOQS3EK:00000002 Message=Request finished in 3187.4249ms 200 text/xml; charset=utf-8
